
**** Build of configuration Debug for project TMS570LC43x ****

"C:\\ti\\ccsv7\\utils\\bin\\gmake" -k -j 6 all -O 
'Building file: ../epl_1588/PTPStack/dep/servo.c'
'Invoking: ARM Compiler'
"C:/ti/ccsv7/tools/compiler/ti-cgt-arm_16.12.0.STS/bin/armcl" -mv7R5 --code_state=32 --float_support=VFPv3D16 --include_path="C:/ti/ccsv7/tools/compiler/ti-cgt-arm_16.12.0.STS/include" --include_path="C:/Users/sleewin/repos/code/hercFreeRTOS/TMS570LC43x/epl_1588/PTPStack" --include_path="C:/Users/sleewin/repos/code/hercFreeRTOS/TMS570LC43x/epl_1588" --include_path="C:/Users/sleewin/repos/code/hercFreeRTOS/TMS570LC43x/udp_echo/include" --include_path="C:/Users/sleewin/repos/code/hercFreeRTOS/TMS570LC43x/FreeRTOS-Plus-IO/Device/tms570ls20x31x/include" --include_path="C:/Users/sleewin/repos/code/hercFreeRTOS/TMS570LC43x/FreeRTOS-Plus-IO/Device/tms570ls20x31x/SupportedBoards" --include_path="C:/Users/sleewin/repos/code/hercFreeRTOS/TMS570LC43x/source" --include_path="C:/Users/sleewin/repos/code/hercFreeRTOS/TMS570LC43x/FreeRTOS-Plus-TCP/portable/Compiler/CCS" --include_path="C:/Users/sleewin/repos/code/hercFreeRTOS/TMS570LC43x/FreeRTOS-Plus-TCP/protocols/include" --include_path="C:/Users/sleewin/repos/code/hercFreeRTOS/TMS570LC43x/FreeRTOS-Plus-FAT/portable/common" --include_path="C:/Users/sleewin/repos/code/hercFreeRTOS/TMS570LC43x/FreeRTOS_Plus_FAT_Demos" --include_path="C:/Users/sleewin/repos/code/hercFreeRTOS/TMS570LC43x/FreeRTOS-Plus-CLI/include" --include_path="C:/Users/sleewin/repos/code/hercFreeRTOS/TMS570LC43x/FreeRTOS-Plus-FAT/include" --include_path="C:/Users/sleewin/repos/code/hercFreeRTOS/TMS570LC43x/FreeRTOS-Plus-IO/Include" --include_path="C:/Users/sleewin/repos/code/hercFreeRTOS/TMS570LC43x/FreeRTOS-Plus-TCP/include" --include_path="C:/Users/sleewin/repos/code/hercFreeRTOS/TMS570LC43x/FreeRTOS-Plus-UART-Console/include" --include_path="C:/Users/sleewin/repos/code/hercFreeRTOS/TMS570LC43x/FreeRTOS-Plus-UDP-Console/include" --include_path="C:/Users/sleewin/repos/code/hercFreeRTOS/TMS570LC43x/include" -g --diag_warning=225 --diag_wrap=off --display_error_number --enum_type=packed --abi=eabi --preproc_with_compile --preproc_dependency="epl_1588/PTPStack/dep/servo.d" --obj_directory="epl_1588/PTPStack/dep"  "../epl_1588/PTPStack/dep/servo.c"

>> Compilation failure
epl_1588/PTPStack/dep/subdir_rules.mk:23: recipe for target 'epl_1588/PTPStack/dep/servo.obj' failed
"../epl_1588/PTPStack/dep/servo.c", line 134: warning #169-D: argument of type "void *" is incompatible with parameter of type "uint32_t"
"../epl_1588/PTPStack/dep/servo.c", line 134: error #167: too few arguments in function call
"../epl_1588/PTPStack/dep/servo.c", line 135: warning #169-D: argument of type "void *" is incompatible with parameter of type "uint32_t"
"../epl_1588/PTPStack/dep/servo.c", line 135: error #167: too few arguments in function call
"../epl_1588/PTPStack/dep/servo.c", line 136: warning #169-D: argument of type "void *" is incompatible with parameter of type "uint32_t"
"../epl_1588/PTPStack/dep/servo.c", line 136: error #167: too few arguments in function call
"../epl_1588/PTPStack/dep/servo.c", line 139: warning #225-D: function "MACFlushReceiveFifos" declared implicitly
"../epl_1588/PTPStack/dep/servo.c", line 334: warning #169-D: argument of type "void *" is incompatible with parameter of type "uint32_t"
"../epl_1588/PTPStack/dep/servo.c", line 335: error #167: too few arguments in function call
"../epl_1588/PTPStack/dep/servo.c", line 360: warning #169-D: argument of type "void *" is incompatible with parameter of type "uint32_t"
"../epl_1588/PTPStack/dep/servo.c", line 361: error #167: too few arguments in function call
"../epl_1588/PTPStack/dep/servo.c", line 366: warning #225-D: function "Sleep" declared implicitly
"../epl_1588/PTPStack/dep/servo.c", line 387: warning #169-D: argument of type "void *" is incompatible with parameter of type "uint32_t"
"../epl_1588/PTPStack/dep/servo.c", line 388: error #167: too few arguments in function call
"../epl_1588/PTPStack/dep/servo.c", line 438: warning #169-D: argument of type "void *" is incompatible with parameter of type "uint32_t"
"../epl_1588/PTPStack/dep/servo.c", line 439: error #167: too few arguments in function call
"../epl_1588/PTPStack/dep/servo.c", line 463: warning #169-D: argument of type "void *" is incompatible with parameter of type "uint32_t"
"../epl_1588/PTPStack/dep/servo.c", line 463: error #167: too few arguments in function call
"../epl_1588/PTPStack/dep/servo.c", line 464: warning #169-D: argument of type "void *" is incompatible with parameter of type "uint32_t"
"../epl_1588/PTPStack/dep/servo.c", line 465: error #167: too few arguments in function call
9 errors detected in the compilation of "../epl_1588/PTPStack/dep/servo.c".
gmake: *** [epl_1588/PTPStack/dep/servo.obj] Error 1
'Building file: ../epl_1588/PTPStack/dep/sys.c'
'Invoking: ARM Compiler'
"C:/ti/ccsv7/tools/compiler/ti-cgt-arm_16.12.0.STS/bin/armcl" -mv7R5 --code_state=32 --float_support=VFPv3D16 --include_path="C:/ti/ccsv7/tools/compiler/ti-cgt-arm_16.12.0.STS/include" --include_path="C:/Users/sleewin/repos/code/hercFreeRTOS/TMS570LC43x/epl_1588/PTPStack" --include_path="C:/Users/sleewin/repos/code/hercFreeRTOS/TMS570LC43x/epl_1588" --include_path="C:/Users/sleewin/repos/code/hercFreeRTOS/TMS570LC43x/udp_echo/include" --include_path="C:/Users/sleewin/repos/code/hercFreeRTOS/TMS570LC43x/FreeRTOS-Plus-IO/Device/tms570ls20x31x/include" --include_path="C:/Users/sleewin/repos/code/hercFreeRTOS/TMS570LC43x/FreeRTOS-Plus-IO/Device/tms570ls20x31x/SupportedBoards" --include_path="C:/Users/sleewin/repos/code/hercFreeRTOS/TMS570LC43x/source" --include_path="C:/Users/sleewin/repos/code/hercFreeRTOS/TMS570LC43x/FreeRTOS-Plus-TCP/portable/Compiler/CCS" --include_path="C:/Users/sleewin/repos/code/hercFreeRTOS/TMS570LC43x/FreeRTOS-Plus-TCP/protocols/include" --include_path="C:/Users/sleewin/repos/code/hercFreeRTOS/TMS570LC43x/FreeRTOS-Plus-FAT/portable/common" --include_path="C:/Users/sleewin/repos/code/hercFreeRTOS/TMS570LC43x/FreeRTOS_Plus_FAT_Demos" --include_path="C:/Users/sleewin/repos/code/hercFreeRTOS/TMS570LC43x/FreeRTOS-Plus-CLI/include" --include_path="C:/Users/sleewin/repos/code/hercFreeRTOS/TMS570LC43x/FreeRTOS-Plus-FAT/include" --include_path="C:/Users/sleewin/repos/code/hercFreeRTOS/TMS570LC43x/FreeRTOS-Plus-IO/Include" --include_path="C:/Users/sleewin/repos/code/hercFreeRTOS/TMS570LC43x/FreeRTOS-Plus-TCP/include" --include_path="C:/Users/sleewin/repos/code/hercFreeRTOS/TMS570LC43x/FreeRTOS-Plus-UART-Console/include" --include_path="C:/Users/sleewin/repos/code/hercFreeRTOS/TMS570LC43x/FreeRTOS-Plus-UDP-Console/include" --include_path="C:/Users/sleewin/repos/code/hercFreeRTOS/TMS570LC43x/include" -g --diag_warning=225 --diag_wrap=off --display_error_number --enum_type=packed --abi=eabi --preproc_with_compile --preproc_dependency="epl_1588/PTPStack/dep/sys.d" --obj_directory="epl_1588/PTPStack/dep"  "../epl_1588/PTPStack/dep/sys.c"

>> Compilation failure
epl_1588/PTPStack/dep/subdir_rules.mk:37: recipe for target 'epl_1588/PTPStack/dep/sys.obj' failed
"../epl_1588/PTPStack/dep/sys.c", line 189: warning #169-D: argument of type "void *" is incompatible with parameter of type "uint32_t"
"../epl_1588/PTPStack/dep/sys.c", line 189: warning #169-D: argument of type "Integer32 *" is incompatible with parameter of type "uint32_t"
"../epl_1588/PTPStack/dep/sys.c", line 189: warning #169-D: argument of type "Integer32 *" is incompatible with parameter of type "uint32_t *"
"../epl_1588/PTPStack/dep/sys.c", line 189: error #167: too few arguments in function call
"../epl_1588/PTPStack/dep/sys.c", line 206: warning #169-D: argument of type "void *" is incompatible with parameter of type "uint32_t"
"../epl_1588/PTPStack/dep/sys.c", line 206: error #167: too few arguments in function call
2 errors detected in the compilation of "../epl_1588/PTPStack/dep/sys.c".
gmake: *** [epl_1588/PTPStack/dep/sys.obj] Error 1
gmake: Target 'all' not remade because of errors.

**** Build Finished ****
